2015-02-04 13:17:16 startup archives unpack
2015-02-04 13:17:16 install libjpeg-turbo-progs:amd64 <none> 1.3.0-0ubuntu2
2015-02-04 13:17:16 status half-installed libjpeg-turbo-progs:amd64 1.3.0-0ubuntu2
2015-02-04 13:17:17 status triggers-pending man-db:amd64 2.6.7.1-1ubuntu1
2015-02-04 13:17:17 status unpacked libjpeg-turbo-progs:amd64 1.3.0-0ubuntu2
2015-02-04 13:17:17 status unpacked libjpeg-turbo-progs:amd64 1.3.0-0ubuntu2
2015-02-04 13:17:17 install libjpeg-progs:amd64 <none> 8c-2ubuntu8
2015-02-04 13:17:17 status half-installed libjpeg-progs:amd64 8c-2ubuntu8
2015-02-04 13:17:17 status unpacked libjpeg-progs:amd64 8c-2ubuntu8
2015-02-04 13:17:17 status unpacked libjpeg-progs:amd64 8c-2ubuntu8
2015-02-04 13:17:17 install jhead:amd64 <none> 1:2.97-1
2015-02-04 13:17:17 status half-installed jhead:amd64 1:2.97-1
2015-02-04 13:17:17 status unpacked jhead:amd64 1:2.97-1
2015-02-04 13:17:17 status unpacked jhead:amd64 1:2.97-1
2015-02-04 13:17:17 install libimage-exiftool-perl:all <none> 9.46-1
2015-02-04 13:17:17 status half-installed libimage-exiftool-perl:all 9.46-1
2015-02-04 13:17:17 status unpacked libimage-exiftool-perl:all 9.46-1
2015-02-04 13:17:17 status unpacked libimage-exiftool-perl:all 9.46-1
2015-02-04 13:17:17 install libimage-base-bundle-perl:all <none> 1.0.7-3
2015-02-04 13:17:17 status half-installed libimage-base-bundle-perl:all 1.0.7-3
2015-02-04 13:17:18 status unpacked libimage-base-bundle-perl:all 1.0.7-3
2015-02-04 13:17:18 status unpacked libimage-base-bundle-perl:all 1.0.7-3
2015-02-04 13:17:18 install libxml-namespacesupport-perl:all <none> 1.11-1
2015-02-04 13:17:18 status half-installed libxml-namespacesupport-perl:all 1.11-1
2015-02-04 13:17:18 status unpacked libxml-namespacesupport-perl:all 1.11-1
2015-02-04 13:17:18 status unpacked libxml-namespacesupport-perl:all 1.11-1
2015-02-04 13:17:18 install libxml-sax-base-perl:all <none> 1.07-1
2015-02-04 13:17:18 status half-installed libxml-sax-base-perl:all 1.07-1
2015-02-04 13:17:18 status unpacked libxml-sax-base-perl:all 1.07-1
2015-02-04 13:17:18 status unpacked libxml-sax-base-perl:all 1.07-1
2015-02-04 13:17:18 install libxml-sax-perl:all <none> 0.99+dfsg-2ubuntu1
2015-02-04 13:17:18 status half-installed libxml-sax-perl:all 0.99+dfsg-2ubuntu1
2015-02-04 13:17:18 status unpacked libxml-sax-perl:all 0.99+dfsg-2ubuntu1
2015-02-04 13:17:18 status unpacked libxml-sax-perl:all 0.99+dfsg-2ubuntu1
2015-02-04 13:17:18 install libxml-sax-expat-perl:all <none> 0.40-2
2015-02-04 13:17:18 status half-installed libxml-sax-expat-perl:all 0.40-2
2015-02-04 13:17:18 status unpacked libxml-sax-expat-perl:all 0.40-2
2015-02-04 13:17:18 status unpacked libxml-sax-expat-perl:all 0.40-2
2015-02-04 13:17:18 install libxml-simple-perl:all <none> 2.20-1
2015-02-04 13:17:18 status half-installed libxml-simple-perl:all 2.20-1
2015-02-04 13:17:18 status unpacked libxml-simple-perl:all 2.20-1
2015-02-04 13:17:18 status unpacked libxml-simple-perl:all 2.20-1
2015-02-04 13:17:18 install libimage-info-perl:all <none> 1.28-1
2015-02-04 13:17:18 status half-installed libimage-info-perl:all 1.28-1
2015-02-04 13:17:18 status unpacked libimage-info-perl:all 1.28-1
2015-02-04 13:17:18 status unpacked libimage-info-perl:all 1.28-1
2015-02-04 13:17:18 install libimage-metadata-jpeg-perl:all <none> 0.153-1
2015-02-04 13:17:18 status half-installed libimage-metadata-jpeg-perl:all 0.153-1
2015-02-04 13:17:19 status unpacked libimage-metadata-jpeg-perl:all 0.153-1
2015-02-04 13:17:19 status unpacked libimage-metadata-jpeg-perl:all 0.153-1
2015-02-04 13:17:19 install perl-tk:amd64 <none> 1:804.031-1build1
2015-02-04 13:17:19 status half-installed perl-tk:amd64 1:804.031-1build1
2015-02-04 13:17:19 status unpacked perl-tk:amd64 1:804.031-1build1
2015-02-04 13:17:19 status unpacked perl-tk:amd64 1:804.031-1build1
2015-02-04 13:17:19 install mapivi:all <none> 0.9.7-1.1
2015-02-04 13:17:19 status half-installed mapivi:all 0.9.7-1.1
2015-02-04 13:17:19 status unpacked mapivi:all 0.9.7-1.1
2015-02-04 13:17:19 status unpacked mapivi:all 0.9.7-1.1
2015-02-04 13:17:19 trigproc man-db:amd64 2.6.7.1-1ubuntu1 2.6.7.1-1ubuntu1
2015-02-04 13:17:19 status half-configured man-db:amd64 2.6.7.1-1ubuntu1
2015-02-04 13:17:22 status installed man-db:amd64 2.6.7.1-1ubuntu1
2015-02-04 13:17:22 startup packages configure
2015-02-04 13:17:22 configure libjpeg-turbo-progs:amd64 1.3.0-0ubuntu2 <none>
2015-02-04 13:17:22 status unpacked libjpeg-turbo-progs:amd64 1.3.0-0ubuntu2
2015-02-04 13:17:22 status half-configured libjpeg-turbo-progs:amd64 1.3.0-0ubuntu2
2015-02-04 13:17:22 status installed libjpeg-turbo-progs:amd64 1.3.0-0ubuntu2
2015-02-04 13:17:22 configure libjpeg-progs:amd64 8c-2ubuntu8 <none>
2015-02-04 13:17:22 status unpacked libjpeg-progs:amd64 8c-2ubuntu8
2015-02-04 13:17:22 status half-configured libjpeg-progs:amd64 8c-2ubuntu8
2015-02-04 13:17:22 status installed libjpeg-progs:amd64 8c-2ubuntu8
2015-02-04 13:17:22 configure jhead:amd64 1:2.97-1 <none>
2015-02-04 13:17:22 status unpacked jhead:amd64 1:2.97-1
2015-02-04 13:17:22 status half-configured jhead:amd64 1:2.97-1
2015-02-04 13:17:22 status installed jhead:amd64 1:2.97-1
2015-02-04 13:17:22 configure libimage-exiftool-perl:all 9.46-1 <none>
2015-02-04 13:17:22 status unpacked libimage-exiftool-perl:all 9.46-1
2015-02-04 13:17:22 status half-configured libimage-exiftool-perl:all 9.46-1
2015-02-04 13:17:22 status installed libimage-exiftool-perl:all 9.46-1
2015-02-04 13:17:22 configure libimage-base-bundle-perl:all 1.0.7-3 <none>
2015-02-04 13:17:22 status unpacked libimage-base-bundle-perl:all 1.0.7-3
2015-02-04 13:17:22 status half-configured libimage-base-bundle-perl:all 1.0.7-3
2015-02-04 13:17:22 status installed libimage-base-bundle-perl:all 1.0.7-3
2015-02-04 13:17:22 configure libxml-namespacesupport-perl:all 1.11-1 <none>
2015-02-04 13:17:22 status unpacked libxml-namespacesupport-perl:all 1.11-1
2015-02-04 13:17:22 status half-configured libxml-namespacesupport-perl:all 1.11-1
2015-02-04 13:17:22 status installed libxml-namespacesupport-perl:all 1.11-1
2015-02-04 13:17:22 configure libxml-sax-base-perl:all 1.07-1 <none>
2015-02-04 13:17:22 status unpacked libxml-sax-base-perl:all 1.07-1
2015-02-04 13:17:22 status half-configured libxml-sax-base-perl:all 1.07-1
2015-02-04 13:17:22 status installed libxml-sax-base-perl:all 1.07-1
2015-02-04 13:17:22 configure libxml-sax-perl:all 0.99+dfsg-2ubuntu1 <none>
2015-02-04 13:17:22 status unpacked libxml-sax-perl:all 0.99+dfsg-2ubuntu1
2015-02-04 13:17:22 status half-configured libxml-sax-perl:all 0.99+dfsg-2ubuntu1
2015-02-04 13:17:23 status installed libxml-sax-perl:all 0.99+dfsg-2ubuntu1
2015-02-04 13:17:23 configure libxml-sax-expat-perl:all 0.40-2 <none>
2015-02-04 13:17:23 status unpacked libxml-sax-expat-perl:all 0.40-2
2015-02-04 13:17:23 status half-configured libxml-sax-expat-perl:all 0.40-2
2015-02-04 13:17:23 status installed libxml-sax-expat-perl:all 0.40-2
2015-02-04 13:17:23 configure libxml-simple-perl:all 2.20-1 <none>
2015-02-04 13:17:23 status unpacked libxml-simple-perl:all 2.20-1
2015-02-04 13:17:23 status half-configured libxml-simple-perl:all 2.20-1
2015-02-04 13:17:23 status installed libxml-simple-perl:all 2.20-1
2015-02-04 13:17:23 configure libimage-info-perl:all 1.28-1 <none>
2015-02-04 13:17:23 status unpacked libimage-info-perl:all 1.28-1
2015-02-04 13:17:23 status half-configured libimage-info-perl:all 1.28-1
2015-02-04 13:17:23 status installed libimage-info-perl:all 1.28-1
2015-02-04 13:17:23 configure libimage-metadata-jpeg-perl:all 0.153-1 <none>
2015-02-04 13:17:23 status unpacked libimage-metadata-jpeg-perl:all 0.153-1
2015-02-04 13:17:23 status half-configured libimage-metadata-jpeg-perl:all 0.153-1
2015-02-04 13:17:23 status installed libimage-metadata-jpeg-perl:all 0.153-1
2015-02-04 13:17:23 configure perl-tk:amd64 1:804.031-1build1 <none>
2015-02-04 13:17:23 status unpacked perl-tk:amd64 1:804.031-1build1
2015-02-04 13:17:23 status half-configured perl-tk:amd64 1:804.031-1build1
2015-02-04 13:17:23 status installed perl-tk:amd64 1:804.031-1build1
2015-02-04 13:17:23 configure mapivi:all 0.9.7-1.1 <none>
2015-02-04 13:17:23 status unpacked mapivi:all 0.9.7-1.1
2015-02-04 13:17:23 status half-configured mapivi:all 0.9.7-1.1
2015-02-04 13:17:23 status installed mapivi:all 0.9.7-1.1
2015-02-04 13:36:50 startup archives unpack
2015-02-04 13:36:50 install curlftpfs:amd64 <none> 0.9.2-5ubuntu1
2015-02-04 13:36:50 status half-installed curlftpfs:amd64 0.9.2-5ubuntu1
2015-02-04 13:36:50 status triggers-pending man-db:amd64 2.6.7.1-1ubuntu1
2015-02-04 13:36:50 status unpacked curlftpfs:amd64 0.9.2-5ubuntu1
2015-02-04 13:36:50 status unpacked curlftpfs:amd64 0.9.2-5ubuntu1
2015-02-04 13:36:50 trigproc man-db:amd64 2.6.7.1-1ubuntu1 2.6.7.1-1ubuntu1
2015-02-04 13:36:50 status half-configured man-db:amd64 2.6.7.1-1ubuntu1
2015-02-04 13:36:51 status installed man-db:amd64 2.6.7.1-1ubuntu1
2015-02-04 13:36:51 startup packages configure
2015-02-04 13:36:51 configure curlftpfs:amd64 0.9.2-5ubuntu1 <none>
2015-02-04 13:36:51 status unpacked curlftpfs:amd64 0.9.2-5ubuntu1
2015-02-04 13:36:51 status half-configured curlftpfs:amd64 0.9.2-5ubuntu1
2015-02-04 13:36:51 status installed curlftpfs:amd64 0.9.2-5ubuntu1
2015-02-04 13:52:47 startup packages remove
2015-02-04 13:52:47 status installed curlftpfs:amd64 0.9.2-5ubuntu1
2015-02-04 13:52:48 remove curlftpfs:amd64 0.9.2-5ubuntu1 <none>
2015-02-04 13:52:48 status half-configured curlftpfs:amd64 0.9.2-5ubuntu1
2015-02-04 13:52:48 status half-installed curlftpfs:amd64 0.9.2-5ubuntu1
2015-02-04 13:52:48 status triggers-pending man-db:amd64 2.6.7.1-1ubuntu1
2015-02-04 13:52:48 status config-files curlftpfs:amd64 0.9.2-5ubuntu1
2015-02-04 13:52:48 status config-files curlftpfs:amd64 0.9.2-5ubuntu1
2015-02-04 13:52:48 status config-files curlftpfs:amd64 0.9.2-5ubuntu1
2015-02-04 13:52:48 status not-installed curlftpfs:amd64 <none>
2015-02-04 13:52:48 trigproc man-db:amd64 2.6.7.1-1ubuntu1 <none>
2015-02-04 13:52:48 status half-configured man-db:amd64 2.6.7.1-1ubuntu1
2015-02-04 13:52:48 status installed man-db:amd64 2.6.7.1-1ubuntu1
2015-02-04 14:00:44 startup archives unpack
2015-02-04 14:00:44 install libsepol1-dev:amd64 <none> 2.2-1ubuntu0.1
2015-02-04 14:00:44 status half-installed libsepol1-dev:amd64 2.2-1ubuntu0.1
2015-02-04 14:00:44 status triggers-pending man-db:amd64 2.6.7.1-1ubuntu1
2015-02-04 14:00:44 status unpacked libsepol1-dev:amd64 2.2-1ubuntu0.1
2015-02-04 14:00:44 status unpacked libsepol1-dev:amd64 2.2-1ubuntu0.1
2015-02-04 14:00:44 install libselinux1-dev:amd64 <none> 2.2.2-1ubuntu0.1
2015-02-04 14:00:44 status half-installed libselinux1-dev:amd64 2.2.2-1ubuntu0.1
2015-02-04 14:00:44 status unpacked libselinux1-dev:amd64 2.2.2-1ubuntu0.1
2015-02-04 14:00:44 status unpacked libselinux1-dev:amd64 2.2.2-1ubuntu0.1
2015-02-04 14:00:44 install libfuse-dev:amd64 <none> 2.9.2-4ubuntu4
2015-02-04 14:00:44 status half-installed libfuse-dev:amd64 2.9.2-4ubuntu4
2015-02-04 14:00:44 status unpacked libfuse-dev:amd64 2.9.2-4ubuntu4
2015-02-04 14:00:44 status unpacked libfuse-dev:amd64 2.9.2-4ubuntu4
2015-02-04 14:00:44 trigproc man-db:amd64 2.6.7.1-1ubuntu1 2.6.7.1-1ubuntu1
2015-02-04 14:00:44 status half-configured man-db:amd64 2.6.7.1-1ubuntu1
2015-02-04 14:00:45 status installed man-db:amd64 2.6.7.1-1ubuntu1
2015-02-04 14:00:46 startup packages configure
2015-02-04 14:00:46 configure libsepol1-dev:amd64 2.2-1ubuntu0.1 <none>
2015-02-04 14:00:46 status unpacked libsepol1-dev:amd64 2.2-1ubuntu0.1
2015-02-04 14:00:46 status half-configured libsepol1-dev:amd64 2.2-1ubuntu0.1
2015-02-04 14:00:46 status installed libsepol1-dev:amd64 2.2-1ubuntu0.1
2015-02-04 14:00:46 configure libselinux1-dev:amd64 2.2.2-1ubuntu0.1 <none>
2015-02-04 14:00:46 status unpacked libselinux1-dev:amd64 2.2.2-1ubuntu0.1
2015-02-04 14:00:46 status half-configured libselinux1-dev:amd64 2.2.2-1ubuntu0.1
2015-02-04 14:00:46 status installed libselinux1-dev:amd64 2.2.2-1ubuntu0.1
2015-02-04 14:00:46 configure libfuse-dev:amd64 2.9.2-4ubuntu4 <none>
2015-02-04 14:00:46 status unpacked libfuse-dev:amd64 2.9.2-4ubuntu4
2015-02-04 14:00:46 status half-configured libfuse-dev:amd64 2.9.2-4ubuntu4
2015-02-04 14:00:46 status installed libfuse-dev:amd64 2.9.2-4ubuntu4
2015-02-04 14:17:17 startup archives unpack
2015-02-04 14:17:17 upgrade google-chrome-stable:amd64 40.0.2214.94-1 40.0.2214.95-1
2015-02-04 14:17:17 status half-configured google-chrome-stable:amd64 40.0.2214.94-1
2015-02-04 14:17:17 status unpacked google-chrome-stable:amd64 40.0.2214.94-1
2015-02-04 14:17:17 status half-installed google-chrome-stable:amd64 40.0.2214.94-1
2015-02-04 14:17:17 status triggers-pending man-db:amd64 2.6.7.1-1ubuntu1
2015-02-04 14:17:17 status triggers-pending mime-support:all 3.54ubuntu1.1
2015-02-04 14:17:17 status triggers-pending gnome-menus:amd64 3.10.1-0ubuntu2
2015-02-04 14:17:17 status triggers-pending desktop-file-utils:amd64 0.22-1ubuntu1
2015-02-04 14:17:17 status half-installed google-chrome-stable:amd64 40.0.2214.94-1
2015-02-04 14:17:24 status half-installed google-chrome-stable:amd64 40.0.2214.94-1
2015-02-04 14:17:24 status unpacked google-chrome-stable:amd64 40.0.2214.95-1
2015-02-04 14:17:24 status unpacked google-chrome-stable:amd64 40.0.2214.95-1
2015-02-04 14:17:24 install linux-image-3.13.0-45-generic:amd64 <none> 3.13.0-45.74
2015-02-04 14:17:24 status half-installed linux-image-3.13.0-45-generic:amd64 3.13.0-45.74
2015-02-04 14:17:28 status unpacked linux-image-3.13.0-45-generic:amd64 3.13.0-45.74
2015-02-04 14:17:28 status unpacked linux-image-3.13.0-45-generic:amd64 3.13.0-45.74
2015-02-04 14:17:28 upgrade tzdata-java:all 2014i-0ubuntu0.14.04 2015a-0ubuntu0.14.04
2015-02-04 14:17:28 status half-configured tzdata-java:all 2014i-0ubuntu0.14.04
2015-02-04 14:17:28 status unpacked tzdata-java:all 2014i-0ubuntu0.14.04
2015-02-04 14:17:28 status half-installed tzdata-java:all 2014i-0ubuntu0.14.04
2015-02-04 14:17:28 status half-installed tzdata-java:all 2014i-0ubuntu0.14.04
2015-02-04 14:17:29 status unpacked tzdata-java:all 2015a-0ubuntu0.14.04
2015-02-04 14:17:29 status unpacked tzdata-java:all 2015a-0ubuntu0.14.04
2015-02-04 14:17:29 upgrade tzdata:all 2014i-0ubuntu0.14.04 2015a-0ubuntu0.14.04
2015-02-04 14:17:29 status half-configured tzdata:all 2014i-0ubuntu0.14.04
2015-02-04 14:17:29 status unpacked tzdata:all 2014i-0ubuntu0.14.04
2015-02-04 14:17:29 status half-installed tzdata:all 2014i-0ubuntu0.14.04
2015-02-04 14:17:29 status half-installed tzdata:all 2014i-0ubuntu0.14.04
2015-02-04 14:17:29 status unpacked tzdata:all 2015a-0ubuntu0.14.04
2015-02-04 14:17:29 status unpacked tzdata:all 2015a-0ubuntu0.14.04
2015-02-04 14:17:29 trigproc man-db:amd64 2.6.7.1-1ubuntu1 2.6.7.1-1ubuntu1
2015-02-04 14:17:29 status half-configured man-db:amd64 2.6.7.1-1ubuntu1
2015-02-04 14:17:30 status installed man-db:amd64 2.6.7.1-1ubuntu1
2015-02-04 14:17:30 trigproc mime-support:all 3.54ubuntu1.1 3.54ubuntu1.1
2015-02-04 14:17:30 status half-configured mime-support:all 3.54ubuntu1.1
2015-02-04 14:17:30 status installed mime-support:all 3.54ubuntu1.1
2015-02-04 14:17:30 trigproc gnome-menus:amd64 3.10.1-0ubuntu2 3.10.1-0ubuntu2
2015-02-04 14:17:30 status half-configured gnome-menus:amd64 3.10.1-0ubuntu2
2015-02-04 14:17:30 status installed gnome-menus:amd64 3.10.1-0ubuntu2
2015-02-04 14:17:30 trigproc desktop-file-utils:amd64 0.22-1ubuntu1 0.22-1ubuntu1
2015-02-04 14:17:30 status half-configured desktop-file-utils:amd64 0.22-1ubuntu1
2015-02-04 14:17:30 status installed desktop-file-utils:amd64 0.22-1ubuntu1
2015-02-04 14:17:30 startup packages configure
2015-02-04 14:17:30 configure tzdata:all 2015a-0ubuntu0.14.04 <none>
2015-02-04 14:17:30 status unpacked tzdata:all 2015a-0ubuntu0.14.04
2015-02-04 14:17:30 status half-configured tzdata:all 2015a-0ubuntu0.14.04
2015-02-04 14:17:31 status installed tzdata:all 2015a-0ubuntu0.14.04
2015-02-04 14:17:31 startup archives unpack
2015-02-04 14:17:31 install linux-image-extra-3.13.0-45-generic:amd64 <none> 3.13.0-45.74
2015-02-04 14:17:31 status half-installed linux-image-extra-3.13.0-45-generic:amd64 3.13.0-45.74
2015-02-04 14:17:40 status unpacked linux-image-extra-3.13.0-45-generic:amd64 3.13.0-45.74
2015-02-04 14:17:40 status unpacked linux-image-extra-3.13.0-45-generic:amd64 3.13.0-45.74
2015-02-04 14:17:40 upgrade linux-generic:amd64 3.13.0.44.51 3.13.0.45.52
2015-02-04 14:17:40 status half-configured linux-generic:amd64 3.13.0.44.51
2015-02-04 14:17:41 status unpacked linux-generic:amd64 3.13.0.44.51
2015-02-04 14:17:41 status half-installed linux-generic:amd64 3.13.0.44.51
2015-02-04 14:17:41 status half-installed linux-generic:amd64 3.13.0.44.51
2015-02-04 14:17:41 status unpacked linux-generic:amd64 3.13.0.45.52
2015-02-04 14:17:41 status unpacked linux-generic:amd64 3.13.0.45.52
2015-02-04 14:17:41 upgrade linux-image-generic:amd64 3.13.0.44.51 3.13.0.45.52
2015-02-04 14:17:41 status half-configured linux-image-generic:amd64 3.13.0.44.51
2015-02-04 14:17:41 status unpacked linux-image-generic:amd64 3.13.0.44.51
2015-02-04 14:17:41 status half-installed linux-image-generic:amd64 3.13.0.44.51
2015-02-04 14:17:41 status half-installed linux-image-generic:amd64 3.13.0.44.51
2015-02-04 14:17:41 status unpacked linux-image-generic:amd64 3.13.0.45.52
2015-02-04 14:17:41 status unpacked linux-image-generic:amd64 3.13.0.45.52
2015-02-04 14:17:41 install linux-headers-3.13.0-45:all <none> 3.13.0-45.74
2015-02-04 14:17:41 status half-installed linux-headers-3.13.0-45:all 3.13.0-45.74
2015-02-04 14:17:47 status unpacked linux-headers-3.13.0-45:all 3.13.0-45.74
2015-02-04 14:17:47 status unpacked linux-headers-3.13.0-45:all 3.13.0-45.74
2015-02-04 14:17:47 install linux-headers-3.13.0-45-generic:amd64 <none> 3.13.0-45.74
2015-02-04 14:17:47 status half-installed linux-headers-3.13.0-45-generic:amd64 3.13.0-45.74
2015-02-04 14:17:50 status unpacked linux-headers-3.13.0-45-generic:amd64 3.13.0-45.74
2015-02-04 14:17:50 status unpacked linux-headers-3.13.0-45-generic:amd64 3.13.0-45.74
2015-02-04 14:17:50 upgrade linux-headers-generic:amd64 3.13.0.44.51 3.13.0.45.52
2015-02-04 14:17:50 status half-configured linux-headers-generic:amd64 3.13.0.44.51
2015-02-04 14:17:50 status unpacked linux-headers-generic:amd64 3.13.0.44.51
2015-02-04 14:17:50 status half-installed linux-headers-generic:amd64 3.13.0.44.51
2015-02-04 14:17:50 status half-installed linux-headers-generic:amd64 3.13.0.44.51
2015-02-04 14:17:50 status unpacked linux-headers-generic:amd64 3.13.0.45.52
2015-02-04 14:17:50 status unpacked linux-headers-generic:amd64 3.13.0.45.52
2015-02-04 14:17:50 upgrade linux-libc-dev:amd64 3.13.0-44.73 3.13.0-45.74
2015-02-04 14:17:50 status half-configured linux-libc-dev:amd64 3.13.0-44.73
2015-02-04 14:17:50 status unpacked linux-libc-dev:amd64 3.13.0-44.73
2015-02-04 14:17:50 status half-installed linux-libc-dev:amd64 3.13.0-44.73
2015-02-04 14:17:50 status half-installed linux-libc-dev:amd64 3.13.0-44.73
2015-02-04 14:17:50 status unpacked linux-libc-dev:amd64 3.13.0-45.74
2015-02-04 14:17:51 status unpacked linux-libc-dev:amd64 3.13.0-45.74
2015-02-04 14:17:51 upgrade unzip:amd64 6.0-9ubuntu1.1 6.0-9ubuntu1.2
2015-02-04 14:17:51 status half-configured unzip:amd64 6.0-9ubuntu1.1
2015-02-04 14:17:51 status unpacked unzip:amd64 6.0-9ubuntu1.1
2015-02-04 14:17:51 status half-installed unzip:amd64 6.0-9ubuntu1.1
2015-02-04 14:17:51 status triggers-pending mime-support:all 3.54ubuntu1.1
2015-02-04 14:17:51 status triggers-pending man-db:amd64 2.6.7.1-1ubuntu1
2015-02-04 14:17:51 status half-installed unzip:amd64 6.0-9ubuntu1.1
2015-02-04 14:17:51 status unpacked unzip:amd64 6.0-9ubuntu1.2
2015-02-04 14:17:51 status unpacked unzip:amd64 6.0-9ubuntu1.2
2015-02-04 14:17:51 trigproc mime-support:all 3.54ubuntu1.1 3.54ubuntu1.1
2015-02-04 14:17:51 status half-configured mime-support:all 3.54ubuntu1.1
2015-02-04 14:17:51 status installed mime-support:all 3.54ubuntu1.1
2015-02-04 14:17:51 trigproc man-db:amd64 2.6.7.1-1ubuntu1 2.6.7.1-1ubuntu1
2015-02-04 14:17:51 status half-configured man-db:amd64 2.6.7.1-1ubuntu1
2015-02-04 14:17:51 status installed man-db:amd64 2.6.7.1-1ubuntu1
2015-02-04 14:17:52 startup packages configure
2015-02-04 14:17:52 configure google-chrome-stable:amd64 40.0.2214.95-1 <none>
2015-02-04 14:17:52 status unpacked google-chrome-stable:amd64 40.0.2214.95-1
2015-02-04 14:17:52 status half-configured google-chrome-stable:amd64 40.0.2214.95-1
2015-02-04 14:17:56 status installed google-chrome-stable:amd64 40.0.2214.95-1
2015-02-04 14:17:56 configure linux-image-3.13.0-45-generic:amd64 3.13.0-45.74 <none>
2015-02-04 14:17:56 status unpacked linux-image-3.13.0-45-generic:amd64 3.13.0-45.74
2015-02-04 14:17:56 status half-configured linux-image-3.13.0-45-generic:amd64 3.13.0-45.74
2015-02-04 14:18:12 status installed linux-image-3.13.0-45-generic:amd64 3.13.0-45.74
2015-02-04 14:18:12 configure tzdata-java:all 2015a-0ubuntu0.14.04 <none>
2015-02-04 14:18:12 status unpacked tzdata-java:all 2015a-0ubuntu0.14.04
2015-02-04 14:18:12 status half-configured tzdata-java:all 2015a-0ubuntu0.14.04
2015-02-04 14:18:12 status installed tzdata-java:all 2015a-0ubuntu0.14.04
2015-02-04 14:18:12 configure linux-image-extra-3.13.0-45-generic:amd64 3.13.0-45.74 <none>
2015-02-04 14:18:12 status unpacked linux-image-extra-3.13.0-45-generic:amd64 3.13.0-45.74
2015-02-04 14:18:12 status half-configured linux-image-extra-3.13.0-45-generic:amd64 3.13.0-45.74
2015-02-04 14:18:31 status installed linux-image-extra-3.13.0-45-generic:amd64 3.13.0-45.74
2015-02-04 14:18:31 configure linux-image-generic:amd64 3.13.0.45.52 <none>
2015-02-04 14:18:31 status unpacked linux-image-generic:amd64 3.13.0.45.52
2015-02-04 14:18:31 status half-configured linux-image-generic:amd64 3.13.0.45.52
2015-02-04 14:18:31 status installed linux-image-generic:amd64 3.13.0.45.52
2015-02-04 14:18:31 configure linux-headers-3.13.0-45:all 3.13.0-45.74 <none>
2015-02-04 14:18:31 status unpacked linux-headers-3.13.0-45:all 3.13.0-45.74
2015-02-04 14:18:31 status half-configured linux-headers-3.13.0-45:all 3.13.0-45.74
2015-02-04 14:18:31 status installed linux-headers-3.13.0-45:all 3.13.0-45.74
2015-02-04 14:18:31 configure linux-headers-3.13.0-45-generic:amd64 3.13.0-45.74 <none>
2015-02-04 14:18:31 status unpacked linux-headers-3.13.0-45-generic:amd64 3.13.0-45.74
2015-02-04 14:18:31 status half-configured linux-headers-3.13.0-45-generic:amd64 3.13.0-45.74
2015-02-04 14:18:31 status installed linux-headers-3.13.0-45-generic:amd64 3.13.0-45.74
2015-02-04 14:18:31 configure linux-headers-generic:amd64 3.13.0.45.52 <none>
2015-02-04 14:18:31 status unpacked linux-headers-generic:amd64 3.13.0.45.52
2015-02-04 14:18:31 status half-configured linux-headers-generic:amd64 3.13.0.45.52
2015-02-04 14:18:31 status installed linux-headers-generic:amd64 3.13.0.45.52
2015-02-04 14:18:31 configure linux-generic:amd64 3.13.0.45.52 <none>
2015-02-04 14:18:31 status unpacked linux-generic:amd64 3.13.0.45.52
2015-02-04 14:18:31 status half-configured linux-generic:amd64 3.13.0.45.52
2015-02-04 14:18:31 status installed linux-generic:amd64 3.13.0.45.52
2015-02-04 14:18:31 configure linux-libc-dev:amd64 3.13.0-45.74 <none>
2015-02-04 14:18:31 status unpacked linux-libc-dev:amd64 3.13.0-45.74
2015-02-04 14:18:31 status half-configured linux-libc-dev:amd64 3.13.0-45.74
2015-02-04 14:18:31 status installed linux-libc-dev:amd64 3.13.0-45.74
2015-02-04 14:18:31 configure unzip:amd64 6.0-9ubuntu1.2 <none>
2015-02-04 14:18:31 status unpacked unzip:amd64 6.0-9ubuntu1.2
2015-02-04 14:18:31 status half-configured unzip:amd64 6.0-9ubuntu1.2
2015-02-04 14:18:31 status installed unzip:amd64 6.0-9ubuntu1.2
2015-02-04 16:03:39 startup archives unpack
2015-02-04 16:03:39 install smbnetfs:amd64 <none> 0.5.3b-1
2015-02-04 16:03:39 status half-installed smbnetfs:amd64 0.5.3b-1
2015-02-04 16:03:39 status triggers-pending man-db:amd64 2.6.7.1-1ubuntu1
2015-02-04 16:03:39 status unpacked smbnetfs:amd64 0.5.3b-1
2015-02-04 16:03:40 status unpacked smbnetfs:amd64 0.5.3b-1
2015-02-04 16:03:40 trigproc man-db:amd64 2.6.7.1-1ubuntu1 2.6.7.1-1ubuntu1
2015-02-04 16:03:40 status half-configured man-db:amd64 2.6.7.1-1ubuntu1
2015-02-04 16:03:40 status installed man-db:amd64 2.6.7.1-1ubuntu1
2015-02-04 16:03:40 startup packages configure
2015-02-04 16:03:40 configure smbnetfs:amd64 0.5.3b-1 <none>
2015-02-04 16:03:40 status unpacked smbnetfs:amd64 0.5.3b-1
2015-02-04 16:03:40 status unpacked smbnetfs:amd64 0.5.3b-1
2015-02-04 16:03:40 status half-configured smbnetfs:amd64 0.5.3b-1
2015-02-04 16:03:40 status installed smbnetfs:amd64 0.5.3b-1
2015-02-05 08:23:44 startup archives unpack
2015-02-05 08:23:45 upgrade file:amd64 1:5.14-2ubuntu3.2 1:5.14-2ubuntu3.3
2015-02-05 08:23:45 status half-configured file:amd64 1:5.14-2ubuntu3.2
2015-02-05 08:23:45 status unpacked file:amd64 1:5.14-2ubuntu3.2
2015-02-05 08:23:45 status half-installed file:amd64 1:5.14-2ubuntu3.2
2015-02-05 08:23:45 status triggers-pending man-db:amd64 2.6.7.1-1ubuntu1
2015-02-05 08:23:45 status half-installed file:amd64 1:5.14-2ubuntu3.2
2015-02-05 08:23:45 status unpacked file:amd64 1:5.14-2ubuntu3.3
2015-02-05 08:23:45 status unpacked file:amd64 1:5.14-2ubuntu3.3
2015-02-05 08:23:45 upgrade libmagic1:amd64 1:5.14-2ubuntu3.2 1:5.14-2ubuntu3.3
2015-02-05 08:23:45 status half-configured libmagic1:amd64 1:5.14-2ubuntu3.2
2015-02-05 08:23:45 status unpacked libmagic1:amd64 1:5.14-2ubuntu3.2
2015-02-05 08:23:45 status half-installed libmagic1:amd64 1:5.14-2ubuntu3.2
2015-02-05 08:23:45 status half-installed libmagic1:amd64 1:5.14-2ubuntu3.2
2015-02-05 08:23:45 status unpacked libmagic1:amd64 1:5.14-2ubuntu3.3
2015-02-05 08:23:45 status unpacked libmagic1:amd64 1:5.14-2ubuntu3.3
2015-02-05 08:23:45 trigproc man-db:amd64 2.6.7.1-1ubuntu1 2.6.7.1-1ubuntu1
2015-02-05 08:23:45 status half-configured man-db:amd64 2.6.7.1-1ubuntu1
2015-02-05 08:23:46 status installed man-db:amd64 2.6.7.1-1ubuntu1
2015-02-05 08:23:46 startup packages configure
2015-02-05 08:23:46 configure libmagic1:amd64 1:5.14-2ubuntu3.3 <none>
2015-02-05 08:23:46 status unpacked libmagic1:amd64 1:5.14-2ubuntu3.3
2015-02-05 08:23:46 status unpacked libmagic1:amd64 1:5.14-2ubuntu3.3
2015-02-05 08:23:46 status unpacked libmagic1:amd64 1:5.14-2ubuntu3.3
2015-02-05 08:23:46 status half-configured libmagic1:amd64 1:5.14-2ubuntu3.3
2015-02-05 08:23:46 status installed libmagic1:amd64 1:5.14-2ubuntu3.3
2015-02-05 08:23:46 status triggers-pending libc-bin:amd64 2.19-0ubuntu6.5
2015-02-05 08:23:46 configure file:amd64 1:5.14-2ubuntu3.3 <none>
2015-02-05 08:23:46 status unpacked file:amd64 1:5.14-2ubuntu3.3
2015-02-05 08:23:46 status half-configured file:amd64 1:5.14-2ubuntu3.3
2015-02-05 08:23:46 status installed file:amd64 1:5.14-2ubuntu3.3
2015-02-05 08:23:46 trigproc libc-bin:amd64 2.19-0ubuntu6.5 <none>
2015-02-05 08:23:46 status half-configured libc-bin:amd64 2.19-0ubuntu6.5
2015-02-05 08:23:46 status installed libc-bin:amd64 2.19-0ubuntu6.5
2015-02-07 16:21:43 startup archives unpack
2015-02-07 16:21:44 install fslint:all <none> 2.44-1
2015-02-07 16:21:44 status half-installed fslint:all 2.44-1
2015-02-07 16:21:44 status triggers-pending mime-support:all 3.54ubuntu1.1
2015-02-07 16:21:44 status triggers-pending gnome-menus:amd64 3.10.1-0ubuntu2
2015-02-07 16:21:44 status triggers-pending desktop-file-utils:amd64 0.22-1ubuntu1
2015-02-07 16:21:44 status half-installed fslint:all 2.44-1
2015-02-07 16:21:44 status triggers-pending man-db:amd64 2.6.7.1-1ubuntu1
2015-02-07 16:21:44 status unpacked fslint:all 2.44-1
2015-02-07 16:21:44 status unpacked fslint:all 2.44-1
2015-02-07 16:21:44 trigproc mime-support:all 3.54ubuntu1.1 3.54ubuntu1.1
2015-02-07 16:21:44 status half-configured mime-support:all 3.54ubuntu1.1
2015-02-07 16:21:44 status installed mime-support:all 3.54ubuntu1.1
2015-02-07 16:21:44 trigproc gnome-menus:amd64 3.10.1-0ubuntu2 3.10.1-0ubuntu2
2015-02-07 16:21:44 status half-configured gnome-menus:amd64 3.10.1-0ubuntu2
2015-02-07 16:21:44 status installed gnome-menus:amd64 3.10.1-0ubuntu2
2015-02-07 16:21:44 trigproc desktop-file-utils:amd64 0.22-1ubuntu1 0.22-1ubuntu1
2015-02-07 16:21:44 status half-configured desktop-file-utils:amd64 0.22-1ubuntu1
2015-02-07 16:21:44 status installed desktop-file-utils:amd64 0.22-1ubuntu1
2015-02-07 16:21:44 trigproc man-db:amd64 2.6.7.1-1ubuntu1 2.6.7.1-1ubuntu1
2015-02-07 16:21:44 status half-configured man-db:amd64 2.6.7.1-1ubuntu1
2015-02-07 16:21:45 status installed man-db:amd64 2.6.7.1-1ubuntu1
2015-02-07 16:21:45 startup packages configure
2015-02-07 16:21:45 configure fslint:all 2.44-1 <none>
2015-02-07 16:21:45 status unpacked fslint:all 2.44-1
2015-02-07 16:21:45 status half-configured fslint:all 2.44-1
2015-02-07 16:21:45 status installed fslint:all 2.44-1
